<?xml version="1.0" encoding="UTF-8"?>
<!-- Generated by org.testng.reporters.JUnitReportReporter -->
<testsuite hostname="LAPTOP-ML7ORHO5" failures="0" tests="4" name="testCases.DatadrivenLogin" time="20.383" errors="0" timestamp="2024-03-14T17:40:36 IST" skipped="0">
  <testcase classname="testCases.DatadrivenLogin" name="DatadrivenLoginTests" time="5.252"/>
  <testcase classname="testCases.DatadrivenLogin" name="DatadrivenLoginTests" time="5.011"/>
  <testcase classname="testCases.DatadrivenLogin" name="DatadrivenLoginTests" time="5.303"/>
  <testcase classname="testCases.DatadrivenLogin" name="DatadrivenLoginTests" time="4.817"/>
</testsuite> <!-- testCases.DatadrivenLogin -->
