<?xml version="1.0" encoding="UTF-8"?>
<!-- Generated by org.testng.reporters.JUnitReportReporter -->
<testsuite hostname="LAPTOP-ML7ORHO5" failures="0" tests="1" name="testCases.TC001_testLogin" time="6.338" errors="0" timestamp="2024-03-14T17:56:30 IST" skipped="0">
  <testcase classname="testCases.TC001_testLogin" name="testLogin" time="6.338"/>
</testsuite> <!-- testCases.TC001_testLogin -->
