<?xml version="1.0" encoding="UTF-8"?>
<!-- Generated by org.testng.reporters.JUnitReportReporter -->
<testsuite hostname="LAPTOP-ML7ORHO5" failures="0" tests="1" name="testCases.TC002_createNewUser" time="10.918" errors="0" timestamp="2024-03-14T17:54:50 IST" skipped="0">
  <testcase classname="testCases.TC002_createNewUser" name="createNewUser" time="10.918"/>
</testsuite> <!-- testCases.TC002_createNewUser -->
