<?xml version="1.0" encoding="UTF-8"?>
<!-- Generated by org.testng.reporters.JUnitReportReporter -->
<testsuite hostname="LAPTOP-ML7ORHO5" failures="0" tests="4" name="testCases.DatadrivenLogin" time="21.137" errors="0" timestamp="2024-03-14T17:54:50 IST" skipped="0">
  <testcase classname="testCases.DatadrivenLogin" name="DatadrivenLoginTests" time="5.298"/>
  <testcase classname="testCases.DatadrivenLogin" name="DatadrivenLoginTests" time="5.437"/>
  <testcase classname="testCases.DatadrivenLogin" name="DatadrivenLoginTests" time="5.296"/>
  <testcase classname="testCases.DatadrivenLogin" name="DatadrivenLoginTests" time="5.106"/>
</testsuite> <!-- testCases.DatadrivenLogin -->
